<?xml version="1.0" encoding="UTF-8"?>
<!-- Generated by org.testng.reporters.JUnitReportReporter -->
<testsuite hostname="LAPTOP-CH3C8701" failures="0" tests="2" name="TestCase.Login" time="19.118" errors="0" timestamp="2024-09-18T18:19:48 IST" skipped="0">
  <testcase classname="TestCase.Login" name="testcase_002" time="11.549"/>
  <testcase classname="TestCase.Login" name="testcase_001" time="7.569"/>
</testsuite> <!-- TestCase.Login -->
