<?xml version="1.0" encoding="UTF-8"?>
<!-- Generated by org.testng.reporters.JUnitReportReporter -->
<testsuite hostname="LAPTOP-CH3C8701" failures="0" tests="2" name="TestCase.Product" time="14.673" errors="0" timestamp="2024-09-30T19:40:24 IST" skipped="0">
  <testcase classname="TestCase.Product" name="Productpage_002" time="7.008"/>
  <testcase classname="TestCase.Product" name="Productpage_001" time="7.665"/>
</testsuite> <!-- TestCase.Product -->
