<?xml version="1.0" encoding="UTF-8"?>
<!-- Generated by org.testng.reporters.JUnitReportReporter -->
<testsuite hostname="LAPTOP-CH3C8701" failures="0" tests="2" name="TestCase.Login" time="21.992" errors="0" timestamp="2024-09-29T11:58:42 IST" skipped="0">
  <testcase classname="TestCase.Login" name="testcase_001" time="11.397"/>
  <testcase classname="TestCase.Login" name="testcase_002" time="10.595"/>
</testsuite> <!-- TestCase.Login -->
