<?xml version="1.0" encoding="UTF-8"?>
<!-- Generated by org.testng.reporters.JUnitReportReporter -->
<testsuite hostname="LAPTOP-CH3C8701" failures="0" tests="2" name="TestCase.Login" time="13.020" errors="0" timestamp="2024-09-30T22:25:23 IST" skipped="0">
  <testcase classname="TestCase.Login" name="testcase_002" time="6.801"/>
  <testcase classname="TestCase.Login" name="testcase_001" time="6.219"/>
</testsuite> <!-- TestCase.Login -->
