<?xml version="1.0" encoding="UTF-8"?>
<!-- Generated by org.testng.reporters.JUnitReportReporter -->
<testsuite hostname="LAPTOP-CH3C8701" failures="0" tests="2" name="TestCase.Login" time="17.368" errors="0" timestamp="2024-09-23T16:11:47 IST" skipped="0">
  <testcase classname="TestCase.Login" name="testcase_001" time="10.355"/>
  <testcase classname="TestCase.Login" name="testcase_002" time="7.013"/>
</testsuite> <!-- TestCase.Login -->
